<?xml version="1.0" encoding="UTF-8"?>
<testng-results ignored="0" total="1" passed="1" failed="0" skipped="0">
  <reporter-output>
  </reporter-output>
  <suite started-at="2023-04-12T22:48:13 IST" name="Default suite" finished-at="2023-04-12T22:48:17 IST" duration-ms="3727">
    <groups>
    </groups>
    <test started-at="2023-04-12T22:48:13 IST" name="Default test" finished-at="2023-04-12T22:48:17 IST" duration-ms="3727">
      <class name="Day2.FetchPoJoData">
        <test-method signature="m1()[pri:0, instance:Day2.FetchPoJoData@29e495ff]" started-at="2023-04-12T22:48:13 IST" name="m1" finished-at="2023-04-12T22:48:17 IST" duration-ms="3669" status="PASS">
          <reporter-output>
          </reporter-output>
        </test-method> <!-- m1 -->
      </class> <!-- Day2.FetchPoJoData -->
    </test> <!-- Default test -->
  </suite> <!-- Default suite -->
</testng-results>
